{"level":"info","pid":2214,"time":"2019-09-08T17:16:48+08:00","message":"app booted."}
{"level":"info","config":{"debug":true,"mysql":"root:123456@tcp(localhost:3306)/cloud?charset=utf8mb4\u0026parseTime=true","conf_path":"."},"time":"2019-09-08T17:16:48+08:00","message":"loaded config."}
{"level":"info","time":"2019-09-08T17:16:48+08:00","message":"start load db..."}
{"level":"info","time":"2019-09-08T17:16:48+08:00","message":"loaded db."}
{"level":"info","time":"2019-09-08T17:16:48+08:00","message":"migrate db..."}
{"level":"info","time":"2019-09-08T17:16:48+08:00","message":"applied migrations..."}
{"level":"info","time":"2019-09-08T17:16:48+08:00","message":"start server..."}
{"level":"info","pid":4784,"time":"2019-09-08T18:18:55+08:00","message":"app booted."}
{"level":"info","config":{"debug":true,"mysql":"root:123456@tcp(localhost:3306)/cloud?charset=utf8mb4\u0026parseTime=true","conf_path":"."},"time":"2019-09-08T18:18:55+08:00","message":"loaded config."}
{"level":"info","time":"2019-09-08T18:18:55+08:00","message":"start load db..."}
{"level":"info","time":"2019-09-08T18:18:55+08:00","message":"loaded db."}
{"level":"info","time":"2019-09-08T18:18:55+08:00","message":"migrate db..."}
{"level":"info","time":"2019-09-08T18:18:55+08:00","message":"applied migrations..."}
{"level":"info","time":"2019-09-08T18:18:55+08:00","message":"start server..."}
{"level":"info","pid":5307,"time":"2019-09-08T18:24:55+08:00","message":"app booted."}
{"level":"info","config":{"debug":true,"mysql":"root:123456@tcp(localhost:3306)/cloud?charset=utf8mb4\u0026parseTime=true","conf_path":"."},"time":"2019-09-08T18:24:55+08:00","message":"loaded config."}
{"level":"info","time":"2019-09-08T18:24:55+08:00","message":"start load db..."}
{"level":"info","time":"2019-09-08T18:24:55+08:00","message":"loaded db."}
{"level":"info","time":"2019-09-08T18:24:55+08:00","message":"migrate db..."}
{"level":"info","time":"2019-09-08T18:24:55+08:00","message":"applied migrations..."}
{"level":"info","time":"2019-09-08T18:24:55+08:00","message":"start server..."}
{"level":"info","pid":5446,"time":"2019-09-08T18:25:53+08:00","message":"app booted."}
{"level":"info","config":{"debug":true,"mysql":"root:123456@tcp(localhost:3306)/cloud?charset=utf8mb4\u0026parseTime=true","conf_path":"."},"time":"2019-09-08T18:25:53+08:00","message":"loaded config."}
{"level":"info","time":"2019-09-08T18:25:53+08:00","message":"start load db..."}
{"level":"info","time":"2019-09-08T18:25:53+08:00","message":"loaded db."}
{"level":"info","time":"2019-09-08T18:25:53+08:00","message":"migrate db..."}
{"level":"info","time":"2019-09-08T18:25:53+08:00","message":"applied migrations..."}
{"level":"info","time":"2019-09-08T18:25:53+08:00","message":"start server..."}
{"level":"info","pid":5689,"time":"2019-09-08T18:26:43+08:00","message":"app booted."}
{"level":"info","config":{"debug":true,"mysql":"root:123456@tcp(localhost:3306)/cloud?charset=utf8mb4\u0026parseTime=true","conf_path":"."},"time":"2019-09-08T18:26:43+08:00","message":"loaded config."}
{"level":"info","time":"2019-09-08T18:26:43+08:00","message":"start load db..."}
{"level":"info","time":"2019-09-08T18:26:43+08:00","message":"loaded db."}
{"level":"info","time":"2019-09-08T18:26:43+08:00","message":"migrate db..."}
{"level":"info","time":"2019-09-08T18:26:43+08:00","message":"applied migrations..."}
{"level":"info","time":"2019-09-08T18:26:43+08:00","message":"start server..."}
{"level":"info","pid":6073,"time":"2019-09-08T18:32:44+08:00","message":"app booted."}
{"level":"info","config":{"debug":true,"mysql":"root:123456@tcp(localhost:3306)/cloud?charset=utf8mb4\u0026parseTime=true","conf_path":"."},"time":"2019-09-08T18:32:44+08:00","message":"loaded config."}
{"level":"info","time":"2019-09-08T18:32:44+08:00","message":"start load db..."}
{"level":"info","time":"2019-09-08T18:32:44+08:00","message":"loaded db."}
{"level":"info","time":"2019-09-08T18:32:44+08:00","message":"migrate db..."}
{"level":"info","time":"2019-09-08T18:32:44+08:00","message":"applied migrations..."}
{"level":"info","time":"2019-09-08T18:32:44+08:00","message":"start server..."}
{"level":"info","pid":6274,"time":"2019-09-08T18:33:07+08:00","message":"app booted."}
{"level":"info","config":{"debug":true,"mysql":"root:123456@tcp(localhost:3306)/cloud?charset=utf8mb4\u0026parseTime=true","conf_path":"."},"time":"2019-09-08T18:33:07+08:00","message":"loaded config."}
{"level":"info","time":"2019-09-08T18:33:07+08:00","message":"start load db..."}
{"level":"info","time":"2019-09-08T18:33:07+08:00","message":"loaded db."}
{"level":"info","time":"2019-09-08T18:33:07+08:00","message":"migrate db..."}
{"level":"info","time":"2019-09-08T18:33:07+08:00","message":"applied migrations..."}
{"level":"info","time":"2019-09-08T18:33:07+08:00","message":"start server..."}
{"level":"info","pid":6408,"time":"2019-09-08T18:33:36+08:00","message":"app booted."}
{"level":"info","config":{"debug":true,"mysql":"root:123456@tcp(localhost:3306)/cloud?charset=utf8mb4\u0026parseTime=true","conf_path":"."},"time":"2019-09-08T18:33:36+08:00","message":"loaded config."}
{"level":"info","time":"2019-09-08T18:33:36+08:00","message":"start load db..."}
{"level":"info","time":"2019-09-08T18:33:36+08:00","message":"loaded db."}
{"level":"info","time":"2019-09-08T18:33:36+08:00","message":"migrate db..."}
{"level":"info","time":"2019-09-08T18:33:36+08:00","message":"applied migrations..."}
{"level":"info","time":"2019-09-08T18:33:36+08:00","message":"start server..."}
{"level":"info","pid":7244,"time":"2019-09-08T18:54:19+08:00","message":"app booted."}
{"level":"info","config":{"debug":true,"mysql":"root:123456@tcp(localhost:3306)/cloud?charset=utf8mb4\u0026parseTime=true","conf_path":"."},"time":"2019-09-08T18:54:19+08:00","message":"loaded config."}
{"level":"info","time":"2019-09-08T18:54:19+08:00","message":"start load db..."}
{"level":"info","time":"2019-09-08T18:54:19+08:00","message":"loaded db."}
{"level":"info","time":"2019-09-08T18:54:19+08:00","message":"migrate db..."}
{"level":"info","time":"2019-09-08T18:54:19+08:00","message":"applied migrations..."}
{"level":"info","time":"2019-09-08T18:54:19+08:00","message":"start server..."}
{"level":"info","pid":8825,"time":"2019-09-08T19:37:30+08:00","message":"app booted."}
{"level":"info","config":{"debug":true,"mysql":"root:123456@tcp(localhost:3306)/cloud?charset=utf8mb4\u0026parseTime=true","conf_path":"."},"time":"2019-09-08T19:37:30+08:00","message":"loaded config."}
{"level":"info","time":"2019-09-08T19:37:30+08:00","message":"start load db..."}
{"level":"info","time":"2019-09-08T19:37:30+08:00","message":"loaded db."}
{"level":"info","time":"2019-09-08T19:37:30+08:00","message":"migrate db..."}
{"level":"info","time":"2019-09-08T19:37:30+08:00","message":"applied migrations..."}
{"level":"info","time":"2019-09-08T19:37:30+08:00","message":"start server..."}
{"level":"info","pid":9046,"time":"2019-09-08T19:40:34+08:00","message":"app booted."}
{"level":"info","config":{"debug":true,"mysql":"root:123456@tcp(localhost:3306)/cloud?charset=utf8mb4\u0026parseTime=true","conf_path":"."},"time":"2019-09-08T19:40:34+08:00","message":"loaded config."}
{"level":"info","time":"2019-09-08T19:40:34+08:00","message":"start load db..."}
{"level":"info","time":"2019-09-08T19:40:34+08:00","message":"loaded db."}
{"level":"info","time":"2019-09-08T19:40:34+08:00","message":"migrate db..."}
{"level":"info","time":"2019-09-08T19:40:34+08:00","message":"applied migrations..."}
{"level":"info","time":"2019-09-08T19:40:34+08:00","message":"start server..."}
{"level":"info","pid":9617,"time":"2019-09-08T19:52:26+08:00","message":"app booted."}
{"level":"info","config":{"debug":true,"mysql":"root:123456@tcp(localhost:3306)/cloud?charset=utf8mb4\u0026parseTime=true","conf_path":"."},"time":"2019-09-08T19:52:26+08:00","message":"loaded config."}
{"level":"info","time":"2019-09-08T19:52:26+08:00","message":"start load db..."}
{"level":"info","time":"2019-09-08T19:52:26+08:00","message":"loaded db."}
{"level":"info","time":"2019-09-08T19:52:26+08:00","message":"migrate db..."}
{"level":"info","time":"2019-09-08T19:52:26+08:00","message":"applied migrations..."}
{"level":"info","time":"2019-09-08T19:52:26+08:00","message":"start server..."}
{"level":"info","pid":9974,"time":"2019-09-08T19:59:42+08:00","message":"app booted."}
{"level":"info","config":{"debug":true,"mysql":"root:123456@tcp(localhost:3306)/cloud?charset=utf8mb4\u0026parseTime=true","conf_path":"."},"time":"2019-09-08T19:59:42+08:00","message":"loaded config."}
{"level":"info","time":"2019-09-08T19:59:42+08:00","message":"start load db..."}
{"level":"info","time":"2019-09-08T19:59:42+08:00","message":"loaded db."}
{"level":"info","time":"2019-09-08T19:59:42+08:00","message":"migrate db..."}
{"level":"info","time":"2019-09-08T19:59:42+08:00","message":"applied migrations..."}
{"level":"info","time":"2019-09-08T19:59:42+08:00","message":"start server..."}
{"level":"info","pid":10097,"time":"2019-09-08T20:00:49+08:00","message":"app booted."}
{"level":"info","config":{"debug":true,"mysql":"root:123456@tcp(localhost:3306)/cloud?charset=utf8mb4\u0026parseTime=true","conf_path":"."},"time":"2019-09-08T20:00:49+08:00","message":"loaded config."}
{"level":"info","time":"2019-09-08T20:00:49+08:00","message":"start load db..."}
{"level":"info","time":"2019-09-08T20:00:49+08:00","message":"loaded db."}
{"level":"info","time":"2019-09-08T20:00:49+08:00","message":"migrate db..."}
{"level":"info","time":"2019-09-08T20:00:49+08:00","message":"applied migrations..."}
{"level":"info","time":"2019-09-08T20:00:49+08:00","message":"start server..."}
{"level":"info","pid":10330,"time":"2019-09-08T20:04:38+08:00","message":"app booted."}
{"level":"info","config":{"debug":true,"mysql":"root:123456@tcp(localhost:3306)/cloud?charset=utf8mb4\u0026parseTime=true","conf_path":"."},"time":"2019-09-08T20:04:38+08:00","message":"loaded config."}
{"level":"info","time":"2019-09-08T20:04:38+08:00","message":"start load db..."}
{"level":"info","time":"2019-09-08T20:04:38+08:00","message":"loaded db."}
{"level":"info","time":"2019-09-08T20:04:38+08:00","message":"migrate db..."}
{"level":"info","time":"2019-09-08T20:04:38+08:00","message":"applied migrations..."}
{"level":"info","time":"2019-09-08T20:04:38+08:00","message":"start server..."}
{"level":"info","pid":10649,"time":"2019-09-08T20:12:24+08:00","message":"app booted."}
{"level":"info","config":{"debug":true,"mysql":"root:123456@tcp(localhost:3306)/cloud?charset=utf8mb4\u0026parseTime=true","conf_path":"."},"time":"2019-09-08T20:12:24+08:00","message":"loaded config."}
{"level":"info","time":"2019-09-08T20:12:24+08:00","message":"start load db..."}
{"level":"info","time":"2019-09-08T20:12:24+08:00","message":"loaded db."}
{"level":"info","time":"2019-09-08T20:12:24+08:00","message":"migrate db..."}
{"level":"info","time":"2019-09-08T20:12:24+08:00","message":"applied migrations..."}
{"level":"info","time":"2019-09-08T20:12:24+08:00","message":"start server..."}
{"level":"info","time":"2019-09-08T20:12:24+08:00","message":"-------------------start men-------------------"}
{"level":"info","time":"2019-09-08T20:12:28+08:00","message":"**********get 50...."}
{"level":"info","time":"2019-09-08T20:12:31+08:00","message":"**********get 100...."}
{"level":"info","time":"2019-09-08T20:12:33+08:00","message":"**********get 150...."}
{"level":"info","time":"2019-09-08T20:12:36+08:00","message":"**********get 200...."}
{"level":"info","time":"2019-09-08T20:12:39+08:00","message":"**********get 250...."}
{"level":"info","time":"2019-09-08T20:12:41+08:00","message":"**********get 300...."}
{"level":"info","time":"2019-09-08T20:12:44+08:00","message":"**********get 350...."}
{"level":"info","time":"2019-09-08T20:12:47+08:00","message":"**********get 400...."}
{"level":"info","time":"2019-09-08T20:12:50+08:00","message":"**********get 450...."}
{"level":"info","time":"2019-09-08T20:12:54+08:00","message":"**********get 500...."}
{"level":"info","time":"2019-09-08T20:12:57+08:00","message":"**********get 550...."}
{"level":"info","time":"2019-09-08T20:13:00+08:00","message":"**********get 600...."}
{"level":"info","time":"2019-09-08T20:13:02+08:00","message":"**********get 650...."}
{"level":"info","time":"2019-09-08T20:13:06+08:00","message":"**********get 700...."}
{"level":"info","time":"2019-09-08T20:13:08+08:00","message":"**********get 750...."}
{"level":"info","time":"2019-09-08T20:13:11+08:00","message":"**********get 800...."}
{"level":"info","time":"2019-09-08T20:13:14+08:00","message":"**********get 850...."}
{"level":"info","time":"2019-09-08T20:13:17+08:00","message":"**********get 900...."}
{"level":"info","time":"2019-09-08T20:13:20+08:00","message":"**********get 950...."}
{"level":"info","time":"2019-09-08T20:13:24+08:00","message":"**********get 1000...."}
{"level":"info","time":"2019-09-08T20:13:27+08:00","message":"**********get 1050...."}
{"level":"info","time":"2019-09-08T20:13:30+08:00","message":"**********get 1100...."}
{"level":"info","time":"2019-09-08T20:13:32+08:00","message":"**********get 1150...."}
{"level":"info","time":"2019-09-08T20:13:35+08:00","message":"**********get 1200...."}
{"level":"info","time":"2019-09-08T20:13:38+08:00","message":"**********get 1250...."}
{"level":"info","time":"2019-09-08T20:13:41+08:00","message":"**********get 1300...."}
{"level":"info","time":"2019-09-08T20:13:44+08:00","message":"**********get 1350...."}
{"level":"info","time":"2019-09-08T20:13:47+08:00","message":"**********get 1400...."}
{"level":"info","time":"2019-09-08T20:13:50+08:00","message":"**********get 1450...."}
{"level":"info","time":"2019-09-08T20:13:53+08:00","message":"**********get 1500...."}
{"level":"info","time":"2019-09-08T20:13:56+08:00","message":"**********get 1550...."}
{"level":"info","time":"2019-09-08T20:13:58+08:00","message":"**********get 1600...."}
{"level":"info","time":"2019-09-08T20:14:01+08:00","message":"**********get 1650...."}
{"level":"info","time":"2019-09-08T20:14:04+08:00","message":"**********get 1700...."}
{"level":"info","time":"2019-09-08T20:14:06+08:00","message":"**********get 1750...."}
{"level":"info","time":"2019-09-08T20:14:09+08:00","message":"**********get 1800...."}
{"level":"info","time":"2019-09-08T20:14:12+08:00","message":"**********get 1850...."}
{"level":"info","time":"2019-09-08T20:14:15+08:00","message":"**********get 1900...."}
{"level":"info","time":"2019-09-08T20:14:18+08:00","message":"**********get 1950...."}
{"level":"info","time":"2019-09-08T20:14:21+08:00","message":"**********get 2000...."}
{"level":"info","time":"2019-09-08T20:14:24+08:00","message":"**********get 2050...."}
{"level":"info","time":"2019-09-08T20:14:26+08:00","message":"**********get 2100...."}
{"level":"info","time":"2019-09-08T20:14:30+08:00","message":"**********get 2150...."}
{"level":"info","time":"2019-09-08T20:14:32+08:00","message":"**********get 2200...."}
{"level":"info","time":"2019-09-08T20:14:36+08:00","message":"**********get 2250...."}
{"level":"info","time":"2019-09-08T20:14:38+08:00","message":"**********get 2300...."}
{"level":"info","time":"2019-09-08T20:14:41+08:00","message":"**********get 2350...."}
{"level":"info","time":"2019-09-08T20:14:44+08:00","message":"**********get 2400...."}
{"level":"info","time":"2019-09-08T20:14:46+08:00","message":"**********get 2450...."}
{"level":"info","time":"2019-09-08T20:14:50+08:00","message":"**********get 2500...."}
{"level":"info","time":"2019-09-08T20:14:53+08:00","message":"**********get 2550...."}
{"level":"info","time":"2019-09-08T20:14:59+08:00","message":"-------------------start women-------------------"}
{"level":"info","time":"2019-09-08T20:15:04+08:00","message":"**********get 2600...."}
{"level":"info","time":"2019-09-08T20:15:07+08:00","message":"**********get 2650...."}
{"level":"info","time":"2019-09-08T20:15:10+08:00","message":"**********get 2700...."}
{"level":"info","time":"2019-09-08T20:15:12+08:00","message":"**********get 2750...."}
{"level":"info","time":"2019-09-08T20:15:15+08:00","message":"**********get 2800...."}
{"level":"info","time":"2019-09-08T20:15:18+08:00","message":"**********get 2850...."}
{"level":"info","time":"2019-09-08T20:15:21+08:00","message":"**********get 2900...."}
{"level":"info","time":"2019-09-08T20:15:23+08:00","message":"**********get 2950...."}
{"level":"info","time":"2019-09-08T20:15:26+08:00","message":"**********get 3000...."}
{"level":"info","time":"2019-09-08T20:15:28+08:00","message":"**********get 3050...."}
{"level":"info","time":"2019-09-08T20:15:31+08:00","message":"**********get 3100...."}
{"level":"info","time":"2019-09-08T20:15:34+08:00","message":"**********get 3150...."}
{"level":"info","time":"2019-09-08T20:15:37+08:00","message":"**********get 3200...."}
{"level":"info","time":"2019-09-08T20:15:40+08:00","message":"**********get 3250...."}
{"level":"info","time":"2019-09-08T20:15:42+08:00","message":"**********get 3300...."}
{"level":"info","time":"2019-09-08T20:15:45+08:00","message":"**********get 3350...."}
{"level":"info","time":"2019-09-08T20:15:48+08:00","message":"**********get 3400...."}
{"level":"info","time":"2019-09-08T20:15:51+08:00","message":"**********get 3450...."}
{"level":"info","time":"2019-09-08T20:15:54+08:00","message":"**********get 3500...."}
{"level":"info","time":"2019-09-08T20:15:57+08:00","message":"**********get 3550...."}
{"level":"info","time":"2019-09-08T20:15:59+08:00","message":"**********get 3600...."}
{"level":"info","time":"2019-09-08T20:16:02+08:00","message":"**********get 3650...."}
{"level":"info","time":"2019-09-08T20:16:05+08:00","message":"**********get 3700...."}
{"level":"info","time":"2019-09-08T20:16:08+08:00","message":"**********get 3750...."}
{"level":"info","time":"2019-09-08T20:16:10+08:00","message":"**********get 3800...."}
{"level":"info","time":"2019-09-08T20:16:13+08:00","message":"**********get 3850...."}
{"level":"info","time":"2019-09-08T20:16:15+08:00","message":"**********get 3900...."}
{"level":"info","time":"2019-09-08T20:16:18+08:00","message":"**********get 3950...."}
{"level":"info","time":"2019-09-08T20:16:21+08:00","message":"**********get 4000...."}
{"level":"info","time":"2019-09-08T20:16:23+08:00","message":"**********get 4050...."}
{"level":"info","time":"2019-09-08T20:16:26+08:00","message":"**********get 4100...."}
{"level":"info","time":"2019-09-08T20:16:29+08:00","message":"**********get 4150...."}
{"level":"info","time":"2019-09-08T20:16:31+08:00","message":"**********get 4200...."}
{"level":"info","time":"2019-09-08T20:16:34+08:00","message":"**********get 4250...."}
{"level":"info","time":"2019-09-08T20:16:37+08:00","message":"**********get 4300...."}
{"level":"info","time":"2019-09-08T20:16:40+08:00","message":"**********get 4350...."}
{"level":"info","time":"2019-09-08T20:16:43+08:00","message":"**********get 4400...."}
{"level":"info","time":"2019-09-08T20:16:45+08:00","message":"**********get 4450...."}
{"level":"info","time":"2019-09-08T20:16:48+08:00","message":"**********get 4500...."}
{"level":"info","time":"2019-09-08T20:16:51+08:00","message":"**********get 4550...."}
{"level":"info","time":"2019-09-08T20:16:54+08:00","message":"**********get 4600...."}
{"level":"info","time":"2019-09-08T20:16:56+08:00","message":"**********get 4650...."}
{"level":"info","time":"2019-09-08T20:16:59+08:00","message":"**********get 4700...."}
{"level":"info","time":"2019-09-08T20:17:01+08:00","message":"**********get 4750...."}
{"level":"info","time":"2019-09-08T20:17:04+08:00","message":"**********get 4800...."}
{"level":"info","time":"2019-09-08T20:17:06+08:00","message":"**********get 4850...."}
{"level":"info","time":"2019-09-08T20:17:09+08:00","message":"**********get 4900...."}
{"level":"info","time":"2019-09-08T20:17:12+08:00","message":"**********get 4950...."}
{"level":"info","time":"2019-09-08T20:17:14+08:00","message":"**********get 5000...."}
{"level":"info","time":"2019-09-08T20:17:17+08:00","message":"**********get 5050...."}
{"level":"info","time":"2019-09-08T20:17:19+08:00","message":"**********get 5100...."}
{"level":"info","time":"2019-09-08T20:17:22+08:00","message":"**********get 5150...."}
{"level":"info","time":"2019-09-08T20:17:24+08:00","message":"**********get 5200...."}
{"level":"info","time":"2019-09-08T20:17:27+08:00","message":"**********get 5250...."}
{"level":"info","time":"2019-09-08T20:17:29+08:00","message":"**********get 5300...."}
{"level":"info","time":"2019-09-08T20:17:32+08:00","message":"**********get 5350...."}
{"level":"info","time":"2019-09-08T20:17:34+08:00","message":"**********get 5400...."}
{"level":"info","time":"2019-09-08T20:17:37+08:00","message":"**********get 5450...."}
{"level":"info","time":"2019-09-08T20:17:39+08:00","message":"**********get 5500...."}
{"level":"info","time":"2019-09-08T20:17:42+08:00","message":"**********get 5550...."}
{"level":"info","time":"2019-09-08T20:17:45+08:00","message":"**********get 5600...."}
{"level":"info","time":"2019-09-08T20:17:48+08:00","message":"**********get 5650...."}
{"level":"info","time":"2019-09-08T20:17:50+08:00","message":"**********get 5700...."}
{"level":"info","time":"2019-09-08T20:17:53+08:00","message":"**********get 5750...."}
{"level":"info","time":"2019-09-08T20:17:56+08:00","message":"**********get 5800...."}
{"level":"info","time":"2019-09-08T20:17:58+08:00","message":"**********get 5850...."}
{"level":"info","time":"2019-09-08T20:18:01+08:00","message":"**********get 5900...."}
{"level":"info","time":"2019-09-08T20:18:03+08:00","message":"**********get 5950...."}
{"level":"info","time":"2019-09-08T20:18:06+08:00","message":"**********get 6000...."}
{"level":"info","time":"2019-09-08T20:18:08+08:00","message":"**********get 6050...."}
{"level":"info","time":"2019-09-08T20:18:11+08:00","message":"**********get 6100...."}
{"level":"info","time":"2019-09-08T20:18:13+08:00","message":"**********get 6150...."}
{"level":"info","time":"2019-09-08T20:18:16+08:00","message":"**********get 6200...."}
{"level":"info","time":"2019-09-08T20:18:18+08:00","message":"**********get 6250...."}
{"level":"info","time":"2019-09-08T20:18:26+08:00","message":"**********get 6300...."}
{"level":"info","time":"2019-09-08T20:18:28+08:00","message":"**********get 6350...."}
{"level":"info","time":"2019-09-08T20:18:30+08:00","message":"**********get 6400...."}
{"level":"info","time":"2019-09-08T20:18:33+08:00","message":"**********get 6450...."}
{"level":"info","time":"2019-09-08T20:18:35+08:00","message":"**********get 6500...."}
{"level":"info","time":"2019-09-08T20:18:38+08:00","message":"**********get 6550...."}
{"level":"info","time":"2019-09-08T20:18:41+08:00","message":"**********get 6600...."}
{"level":"info","time":"2019-09-08T20:18:43+08:00","message":"**********get 6650...."}
{"level":"info","time":"2019-09-08T20:18:46+08:00","message":"**********get 6700...."}
{"level":"info","time":"2019-09-08T20:18:49+08:00","message":"**********get 6750...."}
{"level":"info","time":"2019-09-08T20:18:51+08:00","message":"**********get 6800...."}
{"level":"info","time":"2019-09-08T20:18:54+08:00","message":"**********get 6850...."}
{"level":"info","time":"2019-09-08T20:18:57+08:00","message":"**********get 6900...."}
{"level":"info","time":"2019-09-08T20:18:59+08:00","message":"**********get 6950...."}
{"level":"info","time":"2019-09-08T20:19:02+08:00","message":"**********get 7000...."}
{"level":"info","time":"2019-09-08T20:19:05+08:00","message":"**********get 7050...."}
{"level":"info","time":"2019-09-08T20:19:07+08:00","message":"**********get 7100...."}
{"level":"info","time":"2019-09-08T20:19:10+08:00","message":"**********get 7150...."}
{"level":"info","time":"2019-09-08T20:19:13+08:00","message":"**********get 7200...."}
{"level":"info","time":"2019-09-08T20:19:16+08:00","message":"**********get 7250...."}
{"level":"info","time":"2019-09-08T20:19:18+08:00","message":"**********get 7300...."}
{"level":"info","time":"2019-09-08T20:19:20+08:00","message":"**********get 7350...."}
{"level":"info","time":"2019-09-08T20:19:23+08:00","message":"**********get 7400...."}
{"level":"info","time":"2019-09-08T20:19:26+08:00","message":"**********get 7450...."}
{"level":"info","time":"2019-09-08T20:19:28+08:00","message":"**********get 7500...."}
{"level":"info","time":"2019-09-08T20:19:31+08:00","message":"**********get 7550...."}
{"level":"info","time":"2019-09-08T20:19:31+08:00","message":"-------------------start save-------------------"}
{"level":"info","pid":10999,"time":"2019-09-08T20:23:36+08:00","message":"app booted."}
{"level":"info","config":{"debug":true,"mysql":"root:123456@tcp(localhost:3306)/cloud?charset=utf8mb4\u0026parseTime=true","conf_path":"."},"time":"2019-09-08T20:23:36+08:00","message":"loaded config."}
{"level":"info","time":"2019-09-08T20:23:36+08:00","message":"start load db..."}
{"level":"info","time":"2019-09-08T20:23:36+08:00","message":"loaded db."}
{"level":"info","time":"2019-09-08T20:23:36+08:00","message":"migrate db..."}
{"level":"info","time":"2019-09-08T20:23:36+08:00","message":"applied migrations..."}
{"level":"info","time":"2019-09-08T20:23:36+08:00","message":"start server..."}
{"level":"info","time":"2019-09-08T20:23:36+08:00","message":"-------------------start men-------------------"}
{"level":"info","time":"2019-09-08T20:23:38+08:00","message":"**********get 50...."}
{"level":"info","time":"2019-09-08T20:23:39+08:00","message":"-------------------start women-------------------"}
{"level":"info","time":"2019-09-08T20:23:42+08:00","message":"**********get 100...."}
{"level":"info","time":"2019-09-08T20:23:42+08:00","message":"-------------------start save-------------------"}
{"level":"info","pid":11288,"time":"2019-09-08T20:28:40+08:00","message":"app booted."}
{"level":"info","config":{"debug":true,"mysql":"root:123456@tcp(localhost:3306)/cloud?charset=utf8mb4\u0026parseTime=true","conf_path":"."},"time":"2019-09-08T20:28:40+08:00","message":"loaded config."}
{"level":"info","time":"2019-09-08T20:28:40+08:00","message":"start load db..."}
{"level":"info","time":"2019-09-08T20:28:40+08:00","message":"loaded db."}
{"level":"info","time":"2019-09-08T20:28:40+08:00","message":"migrate db..."}
{"level":"info","time":"2019-09-08T20:28:40+08:00","message":"applied migrations..."}
{"level":"info","time":"2019-09-08T20:28:40+08:00","message":"start server..."}
{"level":"info","time":"2019-09-08T20:28:40+08:00","message":"-------------------start men-------------------"}
{"level":"info","time":"2019-09-08T20:28:43+08:00","message":"**********get 50...."}
{"level":"info","time":"2019-09-08T20:28:45+08:00","message":"**********get 100...."}
{"level":"info","time":"2019-09-08T20:28:48+08:00","message":"**********get 150...."}
{"level":"info","time":"2019-09-08T20:28:50+08:00","message":"**********get 200...."}
{"level":"info","time":"2019-09-08T20:28:53+08:00","message":"**********get 250...."}
{"level":"info","time":"2019-09-08T20:28:55+08:00","message":"**********get 300...."}
{"level":"info","time":"2019-09-08T20:28:58+08:00","message":"**********get 350...."}
{"level":"info","time":"2019-09-08T20:29:00+08:00","message":"**********get 400...."}
{"level":"info","time":"2019-09-08T20:29:02+08:00","message":"**********get 450...."}
{"level":"info","time":"2019-09-08T20:29:05+08:00","message":"**********get 500...."}
{"level":"info","time":"2019-09-08T20:29:08+08:00","message":"**********get 550...."}
{"level":"info","time":"2019-09-08T20:29:10+08:00","message":"**********get 600...."}
{"level":"info","time":"2019-09-08T20:29:13+08:00","message":"**********get 650...."}
{"level":"info","time":"2019-09-08T20:29:16+08:00","message":"**********get 700...."}
{"level":"info","time":"2019-09-08T20:29:18+08:00","message":"**********get 750...."}
{"level":"info","time":"2019-09-08T20:29:21+08:00","message":"**********get 800...."}
{"level":"info","time":"2019-09-08T20:29:23+08:00","message":"**********get 850...."}
{"level":"info","time":"2019-09-08T20:29:26+08:00","message":"**********get 900...."}
{"level":"info","time":"2019-09-08T20:29:29+08:00","message":"**********get 950...."}
{"level":"info","time":"2019-09-08T20:29:31+08:00","message":"**********get 1000...."}
{"level":"info","time":"2019-09-08T20:29:34+08:00","message":"**********get 1050...."}
{"level":"info","time":"2019-09-08T20:29:36+08:00","message":"**********get 1100...."}
{"level":"info","time":"2019-09-08T20:29:39+08:00","message":"**********get 1150...."}
{"level":"info","time":"2019-09-08T20:29:41+08:00","message":"**********get 1200...."}
{"level":"info","time":"2019-09-08T20:29:44+08:00","message":"**********get 1250...."}
{"level":"info","time":"2019-09-08T20:29:46+08:00","message":"**********get 1300...."}
{"level":"info","time":"2019-09-08T20:29:49+08:00","message":"**********get 1350...."}
{"level":"info","time":"2019-09-08T20:29:53+08:00","message":"**********get 1400...."}
{"level":"info","time":"2019-09-08T20:29:55+08:00","message":"**********get 1450...."}
{"level":"info","time":"2019-09-08T20:29:58+08:00","message":"**********get 1500...."}
{"level":"info","time":"2019-09-08T20:30:00+08:00","message":"**********get 1550...."}
{"level":"info","time":"2019-09-08T20:30:03+08:00","message":"**********get 1600...."}
{"level":"info","time":"2019-09-08T20:30:05+08:00","message":"**********get 1650...."}
{"level":"info","time":"2019-09-08T20:30:08+08:00","message":"**********get 1700...."}
{"level":"info","time":"2019-09-08T20:30:10+08:00","message":"**********get 1750...."}
{"level":"info","time":"2019-09-08T20:30:13+08:00","message":"**********get 1800...."}
{"level":"info","time":"2019-09-08T20:30:16+08:00","message":"**********get 1850...."}
{"level":"info","time":"2019-09-08T20:30:18+08:00","message":"**********get 1900...."}
{"level":"info","time":"2019-09-08T20:30:21+08:00","message":"**********get 1950...."}
{"level":"info","time":"2019-09-08T20:30:23+08:00","message":"**********get 2000...."}
{"level":"info","time":"2019-09-08T20:30:26+08:00","message":"**********get 2050...."}
{"level":"info","time":"2019-09-08T20:30:28+08:00","message":"**********get 2100...."}
{"level":"info","time":"2019-09-08T20:30:31+08:00","message":"**********get 2150...."}
{"level":"info","time":"2019-09-08T20:30:33+08:00","message":"**********get 2200...."}
{"level":"info","time":"2019-09-08T20:30:36+08:00","message":"**********get 2250...."}
{"level":"info","time":"2019-09-08T20:30:38+08:00","message":"**********get 2300...."}
{"level":"info","time":"2019-09-08T20:30:40+08:00","message":"**********get 2350...."}
{"level":"info","time":"2019-09-08T20:30:43+08:00","message":"**********get 2400...."}
{"level":"info","time":"2019-09-08T20:30:46+08:00","message":"**********get 2450...."}
{"level":"info","time":"2019-09-08T20:30:48+08:00","message":"**********get 2500...."}
{"level":"info","time":"2019-09-08T20:30:51+08:00","message":"**********get 2550...."}
{"level":"info","time":"2019-09-08T20:30:57+08:00","message":"-------------------start women-------------------"}
{"level":"info","time":"2019-09-08T20:30:59+08:00","message":"**********get 2580...."}
{"level":"info","time":"2019-09-08T20:31:02+08:00","message":"**********get 2610...."}
{"level":"info","time":"2019-09-08T20:31:04+08:00","message":"**********get 2640...."}
{"level":"info","time":"2019-09-08T20:31:07+08:00","message":"**********get 2670...."}
{"level":"info","time":"2019-09-08T20:31:09+08:00","message":"**********get 2700...."}
{"level":"info","time":"2019-09-08T20:31:11+08:00","message":"**********get 2730...."}
{"level":"info","time":"2019-09-08T20:31:14+08:00","message":"**********get 2760...."}
{"level":"info","time":"2019-09-08T20:31:16+08:00","message":"**********get 2790...."}
{"level":"info","time":"2019-09-08T20:31:19+08:00","message":"**********get 2820...."}
{"level":"info","time":"2019-09-08T20:31:21+08:00","message":"**********get 2850...."}
{"level":"info","time":"2019-09-08T20:31:24+08:00","message":"**********get 2880...."}
{"level":"info","time":"2019-09-08T20:31:26+08:00","message":"**********get 2910...."}
{"level":"info","time":"2019-09-08T20:31:29+08:00","message":"**********get 2940...."}
{"level":"info","time":"2019-09-08T20:31:31+08:00","message":"**********get 2970...."}
{"level":"info","time":"2019-09-08T20:31:34+08:00","message":"**********get 3000...."}
{"level":"info","time":"2019-09-08T20:31:36+08:00","message":"**********get 3030...."}
{"level":"info","time":"2019-09-08T20:31:39+08:00","message":"**********get 3060...."}
{"level":"info","time":"2019-09-08T20:31:41+08:00","message":"**********get 3090...."}
{"level":"info","time":"2019-09-08T20:31:44+08:00","message":"**********get 3120...."}
{"level":"info","time":"2019-09-08T20:31:47+08:00","message":"**********get 3150...."}
{"level":"info","time":"2019-09-08T20:31:49+08:00","message":"**********get 3180...."}
{"level":"info","time":"2019-09-08T20:31:52+08:00","message":"**********get 3210...."}
{"level":"info","time":"2019-09-08T20:31:54+08:00","message":"**********get 3240...."}
{"level":"info","time":"2019-09-08T20:31:57+08:00","message":"**********get 3270...."}
{"level":"info","time":"2019-09-08T20:32:00+08:00","message":"**********get 3300...."}
{"level":"info","time":"2019-09-08T20:32:02+08:00","message":"**********get 3330...."}
{"level":"info","time":"2019-09-08T20:32:05+08:00","message":"**********get 3360...."}
{"level":"info","time":"2019-09-08T20:32:07+08:00","message":"**********get 3390...."}
{"level":"info","time":"2019-09-08T20:32:10+08:00","message":"**********get 3420...."}
{"level":"info","time":"2019-09-08T20:32:12+08:00","message":"**********get 3450...."}
{"level":"info","time":"2019-09-08T20:32:15+08:00","message":"**********get 3480...."}
{"level":"info","time":"2019-09-08T20:32:17+08:00","message":"**********get 3510...."}
{"level":"info","time":"2019-09-08T20:32:20+08:00","message":"**********get 3540...."}
{"level":"info","time":"2019-09-08T20:32:22+08:00","message":"**********get 3570...."}
{"level":"info","time":"2019-09-08T20:32:25+08:00","message":"**********get 3600...."}
{"level":"info","time":"2019-09-08T20:32:27+08:00","message":"**********get 3630...."}
{"level":"info","time":"2019-09-08T20:32:30+08:00","message":"**********get 3660...."}
{"level":"info","time":"2019-09-08T20:32:32+08:00","message":"**********get 3690...."}
{"level":"info","time":"2019-09-08T20:32:35+08:00","message":"**********get 3720...."}
{"level":"info","time":"2019-09-08T20:32:38+08:00","message":"**********get 3750...."}
{"level":"info","time":"2019-09-08T20:32:40+08:00","message":"**********get 3780...."}
{"level":"info","time":"2019-09-08T20:32:43+08:00","message":"**********get 3810...."}
{"level":"info","time":"2019-09-08T20:32:45+08:00","message":"**********get 3840...."}
{"level":"info","time":"2019-09-08T20:32:48+08:00","message":"**********get 3870...."}
{"level":"info","time":"2019-09-08T20:32:50+08:00","message":"**********get 3900...."}
{"level":"info","time":"2019-09-08T20:32:53+08:00","message":"**********get 3930...."}
{"level":"info","time":"2019-09-08T20:32:55+08:00","message":"**********get 3960...."}
{"level":"info","time":"2019-09-08T20:32:58+08:00","message":"**********get 3990...."}
{"level":"info","time":"2019-09-08T20:33:00+08:00","message":"**********get 4020...."}
{"level":"info","time":"2019-09-08T20:33:03+08:00","message":"**********get 4050...."}
{"level":"info","time":"2019-09-08T20:33:06+08:00","message":"**********get 4080...."}
{"level":"info","time":"2019-09-08T20:33:08+08:00","message":"**********get 4110...."}
{"level":"info","time":"2019-09-08T20:33:11+08:00","message":"**********get 4140...."}
{"level":"info","time":"2019-09-08T20:33:13+08:00","message":"**********get 4170...."}
{"level":"info","time":"2019-09-08T20:33:16+08:00","message":"**********get 4200...."}
{"level":"info","time":"2019-09-08T20:33:18+08:00","message":"**********get 4230...."}
{"level":"info","time":"2019-09-08T20:33:21+08:00","message":"**********get 4260...."}
{"level":"info","time":"2019-09-08T20:33:23+08:00","message":"**********get 4290...."}
{"level":"info","time":"2019-09-08T20:33:26+08:00","message":"**********get 4320...."}
{"level":"info","time":"2019-09-08T20:33:28+08:00","message":"**********get 4350...."}
{"level":"info","time":"2019-09-08T20:33:30+08:00","message":"**********get 4380...."}
{"level":"info","time":"2019-09-08T20:33:33+08:00","message":"**********get 4410...."}
{"level":"info","time":"2019-09-08T20:33:35+08:00","message":"**********get 4440...."}
{"level":"info","time":"2019-09-08T20:33:38+08:00","message":"**********get 4470...."}
{"level":"info","time":"2019-09-08T20:33:40+08:00","message":"**********get 4500...."}
{"level":"info","time":"2019-09-08T20:33:43+08:00","message":"**********get 4530...."}
{"level":"info","time":"2019-09-08T20:33:46+08:00","message":"**********get 4560...."}
{"level":"info","time":"2019-09-08T20:33:48+08:00","message":"**********get 4590...."}
{"level":"info","time":"2019-09-08T20:33:51+08:00","message":"**********get 4620...."}
{"level":"info","time":"2019-09-08T20:33:54+08:00","message":"**********get 4650...."}
{"level":"info","time":"2019-09-08T20:33:56+08:00","message":"**********get 4680...."}
{"level":"info","time":"2019-09-08T20:33:57+08:00","message":"-------------------start save-------------------"}
{"level":"info","pid":11797,"time":"2019-09-08T20:45:29+08:00","message":"app booted."}
{"level":"info","config":{"debug":true,"mysql":"root:123456@tcp(localhost:3306)/cloud?charset=utf8mb4\u0026parseTime=true","conf_path":"."},"time":"2019-09-08T20:45:29+08:00","message":"loaded config."}
{"level":"info","time":"2019-09-08T20:45:29+08:00","message":"start load db..."}
{"level":"info","time":"2019-09-08T20:45:29+08:00","message":"loaded db."}
{"level":"info","time":"2019-09-08T20:45:29+08:00","message":"migrate db..."}
{"level":"info","time":"2019-09-08T20:45:29+08:00","message":"applied migrations..."}
{"level":"info","time":"2019-09-08T20:45:29+08:00","message":"start server..."}
{"level":"info","time":"2019-09-08T20:45:29+08:00","message":"-------------------start men-------------------"}
{"level":"info","time":"2019-09-08T20:45:32+08:00","message":"**********get 50...."}
{"level":"info","time":"2019-09-08T20:45:35+08:00","message":"**********get 100...."}
{"level":"info","time":"2019-09-08T20:45:37+08:00","message":"**********get 150...."}
{"level":"info","time":"2019-09-08T20:45:40+08:00","message":"**********get 200...."}
{"level":"info","time":"2019-09-08T20:45:42+08:00","message":"**********get 250...."}
{"level":"info","time":"2019-09-08T20:45:45+08:00","message":"**********get 300...."}
{"level":"info","time":"2019-09-08T20:45:47+08:00","message":"**********get 350...."}
{"level":"info","time":"2019-09-08T20:45:50+08:00","message":"**********get 400...."}
{"level":"info","time":"2019-09-08T20:45:52+08:00","message":"**********get 450...."}
{"level":"info","time":"2019-09-08T20:45:55+08:00","message":"**********get 500...."}
{"level":"info","time":"2019-09-08T20:45:57+08:00","message":"**********get 550...."}
{"level":"info","time":"2019-09-08T20:46:00+08:00","message":"**********get 600...."}
{"level":"info","time":"2019-09-08T20:46:02+08:00","message":"**********get 650...."}
{"level":"info","time":"2019-09-08T20:46:05+08:00","message":"**********get 700...."}
{"level":"info","time":"2019-09-08T20:46:07+08:00","message":"**********get 750...."}
{"level":"info","time":"2019-09-08T20:46:09+08:00","message":"**********get 800...."}
{"level":"info","time":"2019-09-08T20:46:12+08:00","message":"**********get 850...."}
{"level":"info","time":"2019-09-08T20:46:14+08:00","message":"**********get 900...."}
{"level":"info","time":"2019-09-08T20:46:17+08:00","message":"**********get 950...."}
{"level":"info","time":"2019-09-08T20:46:20+08:00","message":"**********get 1000...."}
{"level":"info","time":"2019-09-08T20:46:22+08:00","message":"**********get 1050...."}
{"level":"info","time":"2019-09-08T20:46:24+08:00","message":"**********get 1100...."}
{"level":"info","time":"2019-09-08T20:46:27+08:00","message":"**********get 1150...."}
{"level":"info","time":"2019-09-08T20:46:30+08:00","message":"**********get 1200...."}
{"level":"info","time":"2019-09-08T20:46:32+08:00","message":"**********get 1250...."}
{"level":"info","time":"2019-09-08T20:46:35+08:00","message":"**********get 1300...."}
{"level":"info","time":"2019-09-08T20:46:37+08:00","message":"**********get 1350...."}
{"level":"info","time":"2019-09-08T20:46:40+08:00","message":"**********get 1400...."}
{"level":"info","time":"2019-09-08T20:46:42+08:00","message":"**********get 1450...."}
{"level":"info","time":"2019-09-08T20:46:45+08:00","message":"**********get 1500...."}
{"level":"info","time":"2019-09-08T20:46:47+08:00","message":"**********get 1550...."}
{"level":"info","time":"2019-09-08T20:46:49+08:00","message":"**********get 1600...."}
{"level":"info","time":"2019-09-08T20:46:52+08:00","message":"**********get 1650...."}
{"level":"info","time":"2019-09-08T20:46:54+08:00","message":"**********get 1700...."}
{"level":"info","time":"2019-09-08T20:46:57+08:00","message":"**********get 1750...."}
{"level":"info","time":"2019-09-08T20:46:59+08:00","message":"**********get 1800...."}
{"level":"info","time":"2019-09-08T20:47:02+08:00","message":"**********get 1850...."}
{"level":"info","time":"2019-09-08T20:47:04+08:00","message":"**********get 1900...."}
{"level":"info","time":"2019-09-08T20:47:07+08:00","message":"**********get 1950...."}
{"level":"info","time":"2019-09-08T20:47:10+08:00","message":"**********get 2000...."}
{"level":"info","time":"2019-09-08T20:47:12+08:00","message":"**********get 2050...."}
{"level":"info","time":"2019-09-08T20:47:14+08:00","message":"**********get 2100...."}
{"level":"info","time":"2019-09-08T20:47:17+08:00","message":"**********get 2150...."}
{"level":"info","time":"2019-09-08T20:47:20+08:00","message":"**********get 2200...."}
{"level":"info","time":"2019-09-08T20:47:22+08:00","message":"**********get 2250...."}
{"level":"info","time":"2019-09-08T20:47:25+08:00","message":"**********get 2300...."}
{"level":"info","time":"2019-09-08T20:47:28+08:00","message":"**********get 2350...."}
{"level":"info","time":"2019-09-08T20:47:30+08:00","message":"**********get 2400...."}
{"level":"info","time":"2019-09-08T20:47:33+08:00","message":"**********get 2450...."}
{"level":"info","time":"2019-09-08T20:47:35+08:00","message":"**********get 2500...."}
{"level":"info","time":"2019-09-08T20:47:38+08:00","message":"**********get 2550...."}
{"level":"info","pid":12689,"time":"2019-09-08T21:16:49+08:00","message":"app booted."}
{"level":"info","config":{"debug":true,"mysql":"root:123456@tcp(localhost:3306)/cloud?charset=utf8mb4\u0026parseTime=true","conf_path":"."},"time":"2019-09-08T21:16:49+08:00","message":"loaded config."}
{"level":"info","time":"2019-09-08T21:16:49+08:00","message":"start load db..."}
{"level":"info","time":"2019-09-08T21:16:49+08:00","message":"loaded db."}
{"level":"info","time":"2019-09-08T21:16:49+08:00","message":"migrate db..."}
{"level":"info","time":"2019-09-08T21:16:49+08:00","message":"applied migrations..."}
{"level":"info","time":"2019-09-08T21:16:49+08:00","message":"start server..."}
{"level":"info","time":"2019-09-08T21:16:49+08:00","message":"-------------------start men-------------------"}
{"level":"info","time":"2019-09-08T21:16:52+08:00","message":"**********get 50...."}
{"level":"info","time":"2019-09-08T21:16:54+08:00","message":"**********get 100...."}
{"level":"info","time":"2019-09-08T21:16:57+08:00","message":"**********get 150...."}
{"level":"info","time":"2019-09-08T21:16:59+08:00","message":"**********get 200...."}
{"level":"info","time":"2019-09-08T21:17:02+08:00","message":"**********get 250...."}
{"level":"info","time":"2019-09-08T21:17:04+08:00","message":"**********get 300...."}
{"level":"info","time":"2019-09-08T21:17:07+08:00","message":"**********get 350...."}
{"level":"info","time":"2019-09-08T21:17:10+08:00","message":"**********get 400...."}
{"level":"info","time":"2019-09-08T21:17:12+08:00","message":"**********get 450...."}
{"level":"info","time":"2019-09-08T21:17:15+08:00","message":"**********get 500...."}
{"level":"info","time":"2019-09-08T21:17:18+08:00","message":"**********get 550...."}
{"level":"info","time":"2019-09-08T21:17:20+08:00","message":"**********get 600...."}
{"level":"info","time":"2019-09-08T21:17:23+08:00","message":"**********get 650...."}
{"level":"info","time":"2019-09-08T21:17:26+08:00","message":"**********get 700...."}
{"level":"info","time":"2019-09-08T21:17:28+08:00","message":"**********get 750...."}
{"level":"info","time":"2019-09-08T21:17:31+08:00","message":"**********get 800...."}
{"level":"info","time":"2019-09-08T21:17:33+08:00","message":"**********get 850...."}
{"level":"info","time":"2019-09-08T21:17:36+08:00","message":"**********get 900...."}
{"level":"info","time":"2019-09-08T21:17:39+08:00","message":"**********get 950...."}
{"level":"info","time":"2019-09-08T21:17:41+08:00","message":"**********get 1000...."}
{"level":"info","time":"2019-09-08T21:17:44+08:00","message":"**********get 1050...."}
{"level":"info","time":"2019-09-08T21:17:47+08:00","message":"**********get 1100...."}
{"level":"info","time":"2019-09-08T21:17:49+08:00","message":"**********get 1150...."}
{"level":"info","time":"2019-09-08T21:17:52+08:00","message":"**********get 1200...."}
{"level":"info","time":"2019-09-08T21:17:55+08:00","message":"**********get 1250...."}
{"level":"info","time":"2019-09-08T21:17:57+08:00","message":"**********get 1300...."}
{"level":"info","time":"2019-09-08T21:18:00+08:00","message":"**********get 1350...."}
{"level":"info","time":"2019-09-08T21:18:02+08:00","message":"**********get 1400...."}
{"level":"info","time":"2019-09-08T21:18:05+08:00","message":"**********get 1450...."}
{"level":"info","time":"2019-09-08T21:18:07+08:00","message":"**********get 1500...."}
{"level":"info","time":"2019-09-08T21:18:10+08:00","message":"**********get 1550...."}
{"level":"info","time":"2019-09-08T21:18:13+08:00","message":"**********get 1600...."}
{"level":"info","time":"2019-09-08T21:18:15+08:00","message":"**********get 1650...."}
{"level":"info","time":"2019-09-08T21:18:18+08:00","message":"**********get 1700...."}
{"level":"info","time":"2019-09-08T21:18:21+08:00","message":"**********get 1750...."}
{"level":"info","time":"2019-09-08T21:18:23+08:00","message":"**********get 1800...."}
{"level":"info","time":"2019-09-08T21:18:26+08:00","message":"**********get 1850...."}
{"level":"info","time":"2019-09-08T21:18:29+08:00","message":"**********get 1900...."}
{"level":"info","time":"2019-09-08T21:18:32+08:00","message":"**********get 1950...."}
{"level":"info","time":"2019-09-08T21:18:34+08:00","message":"**********get 2000...."}
{"level":"info","time":"2019-09-08T21:18:37+08:00","message":"**********get 2050...."}
{"level":"info","time":"2019-09-08T21:18:40+08:00","message":"**********get 2100...."}
{"level":"info","time":"2019-09-08T21:18:43+08:00","message":"**********get 2150...."}
{"level":"info","time":"2019-09-08T21:18:45+08:00","message":"**********get 2200...."}
{"level":"info","time":"2019-09-08T21:18:48+08:00","message":"**********get 2250...."}
{"level":"info","time":"2019-09-08T21:18:51+08:00","message":"**********get 2300...."}
{"level":"info","time":"2019-09-08T21:18:54+08:00","message":"**********get 2350...."}
{"level":"info","time":"2019-09-08T21:18:57+08:00","message":"**********get 2400...."}
{"level":"info","time":"2019-09-08T21:18:59+08:00","message":"**********get 2450...."}
{"level":"info","time":"2019-09-08T21:19:02+08:00","message":"**********get 2500...."}
{"level":"info","time":"2019-09-08T21:19:05+08:00","message":"**********get 2550...."}
{"level":"info","pid":12920,"time":"2019-09-08T21:21:14+08:00","message":"app booted."}
{"level":"info","config":{"debug":true,"mysql":"root:123456@tcp(localhost:3306)/cloud?charset=utf8mb4\u0026parseTime=true","conf_path":"."},"time":"2019-09-08T21:21:14+08:00","message":"loaded config."}
{"level":"info","time":"2019-09-08T21:21:14+08:00","message":"start load db..."}
{"level":"info","time":"2019-09-08T21:21:14+08:00","message":"loaded db."}
{"level":"info","time":"2019-09-08T21:21:14+08:00","message":"migrate db..."}
{"level":"info","time":"2019-09-08T21:21:14+08:00","message":"applied migrations..."}
{"level":"info","time":"2019-09-08T21:21:14+08:00","message":"start server..."}
{"level":"info","time":"2019-09-08T21:21:14+08:00","message":"-------------------start men-------------------"}
{"level":"info","time":"2019-09-08T21:21:16+08:00","message":"**********get 50...."}
{"level":"info","time":"2019-09-08T21:21:18+08:00","message":"**********get 100...."}
{"level":"info","time":"2019-09-08T21:21:20+08:00","message":"**********get 150...."}
{"level":"info","time":"2019-09-08T21:21:22+08:00","message":"**********get 200...."}
{"level":"info","time":"2019-09-08T21:21:25+08:00","message":"**********get 250...."}
{"level":"info","time":"2019-09-08T21:21:27+08:00","message":"**********get 300...."}
{"level":"info","time":"2019-09-08T21:21:28+08:00","message":"**********get 350...."}
{"level":"info","time":"2019-09-08T21:21:30+08:00","message":"**********get 400...."}
{"level":"info","time":"2019-09-08T21:21:32+08:00","message":"**********get 450...."}
{"level":"info","time":"2019-09-08T21:21:33+08:00","message":"**********get 500...."}
{"level":"info","time":"2019-09-08T21:21:35+08:00","message":"**********get 550...."}
{"level":"info","time":"2019-09-08T21:21:37+08:00","message":"**********get 600...."}
{"level":"info","time":"2019-09-08T21:21:38+08:00","message":"**********get 650...."}
{"level":"info","time":"2019-09-08T21:21:41+08:00","message":"**********get 700...."}
{"level":"info","time":"2019-09-08T21:21:43+08:00","message":"**********get 750...."}
{"level":"info","time":"2019-09-08T21:21:44+08:00","message":"**********get 800...."}
{"level":"info","time":"2019-09-08T21:21:46+08:00","message":"**********get 850...."}
{"level":"info","time":"2019-09-08T21:21:48+08:00","message":"**********get 900...."}
{"level":"info","time":"2019-09-08T21:21:50+08:00","message":"**********get 950...."}
{"level":"info","time":"2019-09-08T21:21:52+08:00","message":"**********get 1000...."}
{"level":"info","time":"2019-09-08T21:21:54+08:00","message":"**********get 1050...."}
{"level":"info","time":"2019-09-08T21:21:56+08:00","message":"**********get 1100...."}
{"level":"info","time":"2019-09-08T21:21:58+08:00","message":"**********get 1150...."}
{"level":"info","time":"2019-09-08T21:22:00+08:00","message":"**********get 1200...."}
{"level":"info","time":"2019-09-08T21:22:02+08:00","message":"**********get 1250...."}
{"level":"info","time":"2019-09-08T21:22:04+08:00","message":"**********get 1300...."}
{"level":"info","time":"2019-09-08T21:22:06+08:00","message":"**********get 1350...."}
{"level":"info","time":"2019-09-08T21:22:07+08:00","message":"**********get 1400...."}
{"level":"info","time":"2019-09-08T21:22:09+08:00","message":"**********get 1450...."}
{"level":"info","time":"2019-09-08T21:22:10+08:00","message":"**********get 1500...."}
{"level":"info","time":"2019-09-08T21:22:12+08:00","message":"**********get 1550...."}
{"level":"info","time":"2019-09-08T21:22:14+08:00","message":"**********get 1600...."}
{"level":"info","time":"2019-09-08T21:22:15+08:00","message":"**********get 1650...."}
{"level":"info","time":"2019-09-08T21:22:17+08:00","message":"**********get 1700...."}
{"level":"info","time":"2019-09-08T21:22:19+08:00","message":"**********get 1750...."}
{"level":"info","time":"2019-09-08T21:22:21+08:00","message":"**********get 1800...."}
{"level":"info","time":"2019-09-08T21:22:23+08:00","message":"**********get 1850...."}
{"level":"info","time":"2019-09-08T21:22:24+08:00","message":"**********get 1900...."}
{"level":"info","time":"2019-09-08T21:22:26+08:00","message":"**********get 1950...."}
{"level":"info","time":"2019-09-08T21:22:28+08:00","message":"**********get 2000...."}
{"level":"info","time":"2019-09-08T21:22:30+08:00","message":"**********get 2050...."}
{"level":"info","time":"2019-09-08T21:22:36+08:00","message":"**********get 2100...."}
{"level":"info","time":"2019-09-08T21:22:38+08:00","message":"**********get 2150...."}
{"level":"info","time":"2019-09-08T21:22:40+08:00","message":"**********get 2200...."}
{"level":"info","time":"2019-09-08T21:22:41+08:00","message":"**********get 2250...."}
{"level":"info","time":"2019-09-08T21:22:43+08:00","message":"**********get 2300...."}
{"level":"info","time":"2019-09-08T21:22:45+08:00","message":"**********get 2350...."}
{"level":"info","time":"2019-09-08T21:22:46+08:00","message":"**********get 2400...."}
{"level":"info","time":"2019-09-08T21:22:48+08:00","message":"**********get 2450...."}
{"level":"info","time":"2019-09-08T21:22:50+08:00","message":"**********get 2500...."}
{"level":"info","time":"2019-09-08T21:22:52+08:00","message":"**********get 2550...."}
{"level":"info","pid":15124,"time":"2019-09-08T22:48:16+08:00","message":"app booted."}
{"level":"info","config":{"debug":true,"mysql":"root:123456@tcp(localhost:3306)/cloud?charset=utf8mb4\u0026parseTime=true","conf_path":"."},"time":"2019-09-08T22:48:16+08:00","message":"loaded config."}
{"level":"info","time":"2019-09-08T22:48:16+08:00","message":"start load db..."}
{"level":"info","time":"2019-09-08T22:48:16+08:00","message":"loaded db."}
{"level":"info","time":"2019-09-08T22:48:16+08:00","message":"migrate db..."}
{"level":"info","time":"2019-09-08T22:48:16+08:00","message":"applied migrations..."}
{"level":"info","time":"2019-09-08T22:48:16+08:00","message":"start server..."}
{"level":"info","time":"2019-09-08T22:48:16+08:00","message":"-------------------start hot men-------------------"}
{"level":"info","time":"2019-09-08T22:48:17+08:00","message":"-------------------start hot women-------------------"}
{"level":"info","time":"2019-09-08T22:48:17+08:00","message":"-------------------start men-------------------"}
{"level":"info","time":"2019-09-08T22:48:19+08:00","message":"**********get 300...."}
{"level":"info","time":"2019-09-08T22:48:20+08:00","message":"**********get 400...."}
{"level":"info","time":"2019-09-08T22:48:23+08:00","message":"**********get 500...."}
{"level":"info","time":"2019-09-08T22:48:25+08:00","message":"**********get 600...."}
{"level":"info","time":"2019-09-08T22:48:27+08:00","message":"**********get 680...."}
{"level":"info","time":"2019-09-08T22:48:28+08:00","message":"**********get 780...."}
{"level":"info","time":"2019-09-08T22:48:31+08:00","message":"**********get 880...."}
{"level":"info","time":"2019-09-08T22:48:32+08:00","message":"**********get 980...."}
{"level":"info","time":"2019-09-08T22:48:35+08:00","message":"**********get 1011...."}
{"level":"info","time":"2019-09-08T22:48:37+08:00","message":"**********get 1111...."}
{"level":"info","time":"2019-09-08T22:48:39+08:00","message":"**********get 1211...."}
{"level":"info","time":"2019-09-08T22:48:40+08:00","message":"**********get 1311...."}
{"level":"info","time":"2019-09-08T22:48:42+08:00","message":"**********get 1411...."}
{"level":"info","time":"2019-09-08T22:48:44+08:00","message":"**********get 1511...."}
{"level":"info","time":"2019-09-08T22:48:46+08:00","message":"**********get 1576...."}
{"level":"info","time":"2019-09-08T22:48:48+08:00","message":"**********get 1676...."}
{"level":"info","time":"2019-09-08T22:48:50+08:00","message":"**********get 1776...."}
{"level":"info","time":"2019-09-08T22:48:52+08:00","message":"**********get 1876...."}
{"level":"info","time":"2019-09-08T22:48:54+08:00","message":"**********get 1976...."}
{"level":"info","time":"2019-09-08T22:48:55+08:00","message":"**********get 2076...."}
{"level":"info","time":"2019-09-08T22:48:56+08:00","message":"**********get 2087...."}
{"level":"info","time":"2019-09-08T22:48:58+08:00","message":"**********get 2128...."}
{"level":"info","time":"2019-09-08T22:49:00+08:00","message":"**********get 2228...."}
{"level":"info","time":"2019-09-08T22:49:02+08:00","message":"**********get 2328...."}
{"level":"info","time":"2019-09-08T22:49:04+08:00","message":"**********get 2428...."}
{"level":"info","time":"2019-09-08T22:49:05+08:00","message":"**********get 2528...."}
{"level":"info","pid":15322,"time":"2019-09-08T22:51:17+08:00","message":"app booted."}
{"level":"info","config":{"debug":true,"mysql":"root:123456@tcp(localhost:3306)/cloud?charset=utf8mb4\u0026parseTime=true","conf_path":"."},"time":"2019-09-08T22:51:17+08:00","message":"loaded config."}
{"level":"info","time":"2019-09-08T22:51:17+08:00","message":"start load db..."}
{"level":"info","time":"2019-09-08T22:51:17+08:00","message":"loaded db."}
{"level":"info","time":"2019-09-08T22:51:17+08:00","message":"migrate db..."}
{"level":"info","time":"2019-09-08T22:51:17+08:00","message":"applied migrations..."}
{"level":"info","time":"2019-09-08T22:51:17+08:00","message":"start server..."}
{"level":"info","time":"2019-09-08T22:51:17+08:00","message":"-------------------start hot men-------------------"}
{"level":"info","time":"2019-09-08T22:51:18+08:00","message":"-------------------start hot women-------------------"}
{"level":"info","time":"2019-09-08T22:51:18+08:00","message":"-------------------start men-------------------"}
{"level":"info","time":"2019-09-08T22:51:20+08:00","message":"**********get 300...."}
{"level":"info","time":"2019-09-08T22:51:22+08:00","message":"**********get 400...."}
{"level":"info","time":"2019-09-08T22:51:23+08:00","message":"**********get 500...."}
{"level":"info","time":"2019-09-08T22:51:25+08:00","message":"**********get 600...."}
{"level":"info","time":"2019-09-08T22:51:27+08:00","message":"**********get 680...."}
{"level":"info","time":"2019-09-08T22:51:28+08:00","message":"**********get 780...."}
{"level":"info","time":"2019-09-08T22:51:30+08:00","message":"**********get 880...."}
{"level":"info","time":"2019-09-08T22:51:32+08:00","message":"**********get 980...."}
{"level":"info","time":"2019-09-08T22:51:33+08:00","message":"**********get 1011...."}
{"level":"info","time":"2019-09-08T22:51:35+08:00","message":"**********get 1111...."}
{"level":"info","time":"2019-09-08T22:51:37+08:00","message":"**********get 1211...."}
{"level":"info","time":"2019-09-08T22:51:39+08:00","message":"**********get 1311...."}
{"level":"info","time":"2019-09-08T22:51:41+08:00","message":"**********get 1411...."}
{"level":"info","time":"2019-09-08T22:51:43+08:00","message":"**********get 1511...."}
{"level":"info","time":"2019-09-08T22:51:45+08:00","message":"**********get 1576...."}
{"level":"info","time":"2019-09-08T22:51:46+08:00","message":"**********get 1676...."}
{"level":"info","time":"2019-09-08T22:51:48+08:00","message":"**********get 1776...."}
{"level":"info","time":"2019-09-08T22:51:50+08:00","message":"**********get 1876...."}
{"level":"info","time":"2019-09-08T22:51:52+08:00","message":"**********get 1976...."}
{"level":"info","time":"2019-09-08T22:51:53+08:00","message":"**********get 2076...."}
{"level":"info","time":"2019-09-08T22:51:55+08:00","message":"**********get 2087...."}
{"level":"info","time":"2019-09-08T22:51:57+08:00","message":"**********get 2128...."}
{"level":"info","time":"2019-09-08T22:51:59+08:00","message":"**********get 2228...."}
{"level":"info","time":"2019-09-08T22:52:01+08:00","message":"**********get 2328...."}
{"level":"info","time":"2019-09-08T22:52:03+08:00","message":"**********get 2428...."}
{"level":"info","time":"2019-09-08T22:52:04+08:00","message":"**********get 2528...."}
{"level":"info","pid":16051,"time":"2019-09-08T23:02:50+08:00","message":"app booted."}
{"level":"info","config":{"debug":true,"mysql":"root:123456@tcp(localhost:3306)/cloud?charset=utf8mb4\u0026parseTime=true","conf_path":"."},"time":"2019-09-08T23:02:50+08:00","message":"loaded config."}
{"level":"info","time":"2019-09-08T23:02:50+08:00","message":"start load db..."}
{"level":"info","time":"2019-09-08T23:02:50+08:00","message":"loaded db."}
{"level":"info","time":"2019-09-08T23:02:50+08:00","message":"migrate db..."}
{"level":"info","time":"2019-09-08T23:02:50+08:00","message":"applied migrations..."}
{"level":"info","time":"2019-09-08T23:02:50+08:00","message":"start server..."}
{"level":"info","time":"2019-09-08T23:02:50+08:00","message":"-------------------start hot men-------------------"}
{"level":"info","time":"2019-09-08T23:02:51+08:00","message":"-------------------start hot women-------------------"}
{"level":"info","time":"2019-09-08T23:02:52+08:00","message":"-------------------start men-------------------"}
{"level":"info","time":"2019-09-08T23:02:53+08:00","message":"**********get 300...."}
{"level":"info","time":"2019-09-08T23:02:55+08:00","message":"**********get 400...."}
{"level":"info","time":"2019-09-08T23:02:57+08:00","message":"**********get 500...."}
{"level":"info","time":"2019-09-08T23:02:58+08:00","message":"**********get 600...."}
{"level":"info","time":"2019-09-08T23:03:00+08:00","message":"**********get 680...."}
{"level":"info","time":"2019-09-08T23:03:02+08:00","message":"**********get 780...."}
{"level":"info","time":"2019-09-08T23:03:04+08:00","message":"**********get 880...."}
{"level":"info","time":"2019-09-08T23:03:05+08:00","message":"**********get 980...."}
{"level":"info","time":"2019-09-08T23:03:07+08:00","message":"**********get 1011...."}
{"level":"info","time":"2019-09-08T23:03:08+08:00","message":"**********get 1111...."}
{"level":"info","time":"2019-09-08T23:03:10+08:00","message":"**********get 1211...."}
{"level":"info","time":"2019-09-08T23:03:12+08:00","message":"**********get 1311...."}
{"level":"info","time":"2019-09-08T23:03:13+08:00","message":"**********get 1411...."}
{"level":"info","time":"2019-09-08T23:03:15+08:00","message":"**********get 1511...."}
{"level":"info","time":"2019-09-08T23:03:17+08:00","message":"**********get 1576...."}
{"level":"info","time":"2019-09-08T23:03:18+08:00","message":"**********get 1676...."}
{"level":"info","time":"2019-09-08T23:03:20+08:00","message":"**********get 1776...."}
{"level":"info","time":"2019-09-08T23:03:22+08:00","message":"**********get 1876...."}
{"level":"info","time":"2019-09-08T23:03:24+08:00","message":"**********get 1976...."}
{"level":"info","time":"2019-09-08T23:03:26+08:00","message":"**********get 2076...."}
{"level":"info","time":"2019-09-08T23:03:27+08:00","message":"**********get 2087...."}
{"level":"info","time":"2019-09-08T23:03:28+08:00","message":"**********get 2128...."}
{"level":"info","time":"2019-09-08T23:03:30+08:00","message":"**********get 2228...."}
{"level":"info","time":"2019-09-08T23:03:32+08:00","message":"**********get 2328...."}
{"level":"info","time":"2019-09-08T23:03:33+08:00","message":"**********get 2428...."}
{"level":"info","time":"2019-09-08T23:03:35+08:00","message":"**********get 2528...."}
{"level":"info","pid":16381,"time":"2019-09-08T23:07:09+08:00","message":"app booted."}
{"level":"info","config":{"debug":true,"mysql":"root:123456@tcp(localhost:3306)/cloud?charset=utf8mb4\u0026parseTime=true","conf_path":"."},"time":"2019-09-08T23:07:09+08:00","message":"loaded config."}
{"level":"info","time":"2019-09-08T23:07:09+08:00","message":"start load db..."}
{"level":"info","time":"2019-09-08T23:07:09+08:00","message":"loaded db."}
{"level":"info","time":"2019-09-08T23:07:09+08:00","message":"migrate db..."}
{"level":"info","time":"2019-09-08T23:07:09+08:00","message":"applied migrations..."}
{"level":"info","time":"2019-09-08T23:07:09+08:00","message":"start server..."}
{"level":"info","pid":16574,"time":"2019-09-08T23:10:20+08:00","message":"app booted."}
{"level":"info","config":{"debug":true,"mysql":"root:123456@tcp(localhost:3306)/cloud?charset=utf8mb4\u0026parseTime=true","conf_path":"."},"time":"2019-09-08T23:10:20+08:00","message":"loaded config."}
{"level":"info","time":"2019-09-08T23:10:20+08:00","message":"start load db..."}
{"level":"info","time":"2019-09-08T23:10:20+08:00","message":"loaded db."}
{"level":"info","time":"2019-09-08T23:10:20+08:00","message":"migrate db..."}
{"level":"info","time":"2019-09-08T23:10:20+08:00","message":"applied migrations..."}
{"level":"info","time":"2019-09-08T23:10:20+08:00","message":"start server..."}
{"level":"info","pid":16733,"time":"2019-09-08T23:12:20+08:00","message":"app booted."}
{"level":"info","config":{"debug":true,"mysql":"root:123456@tcp(localhost:3306)/cloud?charset=utf8mb4\u0026parseTime=true","conf_path":"."},"time":"2019-09-08T23:12:20+08:00","message":"loaded config."}
{"level":"info","time":"2019-09-08T23:12:20+08:00","message":"start load db..."}
{"level":"info","time":"2019-09-08T23:12:20+08:00","message":"loaded db."}
{"level":"info","time":"2019-09-08T23:12:20+08:00","message":"migrate db..."}
{"level":"info","time":"2019-09-08T23:12:20+08:00","message":"applied migrations..."}
{"level":"info","time":"2019-09-08T23:12:20+08:00","message":"start server..."}
{"level":"info","pid":2310,"time":"2019-09-08T23:17:07+08:00","message":"app booted."}
{"level":"info","config":{"debug":true,"mysql":"root:123456@tcp(localhost:3306)/cloud?charset=utf8mb4\u0026parseTime=true","conf_path":"."},"time":"2019-09-08T23:17:07+08:00","message":"loaded config."}
{"level":"info","time":"2019-09-08T23:17:07+08:00","message":"start load db..."}
{"level":"info","time":"2019-09-08T23:17:07+08:00","message":"loaded db."}
{"level":"info","time":"2019-09-08T23:17:07+08:00","message":"migrate db..."}
{"level":"info","time":"2019-09-08T23:17:07+08:00","message":"applied migrations..."}
{"level":"info","time":"2019-09-08T23:17:07+08:00","message":"start server..."}
{"level":"info","pid":2792,"time":"2019-09-08T23:18:29+08:00","message":"app booted."}
{"level":"info","config":{"debug":true,"mysql":"root:123456@tcp(localhost:3306)/cloud?charset=utf8mb4\u0026parseTime=true","conf_path":"."},"time":"2019-09-08T23:18:29+08:00","message":"loaded config."}
{"level":"info","time":"2019-09-08T23:18:29+08:00","message":"start load db..."}
{"level":"info","time":"2019-09-08T23:18:29+08:00","message":"loaded db."}
{"level":"info","time":"2019-09-08T23:18:29+08:00","message":"migrate db..."}
{"level":"info","time":"2019-09-08T23:18:29+08:00","message":"applied migrations..."}
{"level":"info","time":"2019-09-08T23:18:29+08:00","message":"start server..."}
{"level":"info","pid":3274,"time":"2019-09-08T23:22:41+08:00","message":"app booted."}
{"level":"info","config":{"debug":true,"mysql":"root:123456@tcp(localhost:3306)/cloud?charset=utf8mb4\u0026parseTime=true","conf_path":"."},"time":"2019-09-08T23:22:41+08:00","message":"loaded config."}
{"level":"info","time":"2019-09-08T23:22:41+08:00","message":"start load db..."}
{"level":"info","time":"2019-09-08T23:22:41+08:00","message":"loaded db."}
{"level":"info","time":"2019-09-08T23:22:41+08:00","message":"migrate db..."}
{"level":"info","time":"2019-09-08T23:22:41+08:00","message":"applied migrations..."}
{"level":"info","time":"2019-09-08T23:22:41+08:00","message":"start server..."}
{"level":"info","pid":3412,"time":"2019-09-08T23:23:09+08:00","message":"app booted."}
{"level":"info","config":{"debug":true,"mysql":"root:123456@tcp(localhost:3306)/cloud?charset=utf8mb4\u0026parseTime=true","conf_path":"."},"time":"2019-09-08T23:23:09+08:00","message":"loaded config."}
{"level":"info","time":"2019-09-08T23:23:09+08:00","message":"start load db..."}
{"level":"info","time":"2019-09-08T23:23:09+08:00","message":"loaded db."}
{"level":"info","time":"2019-09-08T23:23:09+08:00","message":"migrate db..."}
{"level":"info","time":"2019-09-08T23:23:09+08:00","message":"applied migrations..."}
{"level":"info","time":"2019-09-08T23:23:09+08:00","message":"start server..."}
{"level":"info","pid":3543,"time":"2019-09-08T23:24:10+08:00","message":"app booted."}
{"level":"info","config":{"debug":true,"mysql":"root:123456@tcp(localhost:3306)/cloud?charset=utf8mb4\u0026parseTime=true","conf_path":"."},"time":"2019-09-08T23:24:10+08:00","message":"loaded config."}
{"level":"info","time":"2019-09-08T23:24:10+08:00","message":"start load db..."}
{"level":"info","time":"2019-09-08T23:24:10+08:00","message":"loaded db."}
{"level":"info","time":"2019-09-08T23:24:10+08:00","message":"migrate db..."}
{"level":"info","time":"2019-09-08T23:24:10+08:00","message":"applied migrations..."}
{"level":"info","time":"2019-09-08T23:24:10+08:00","message":"start server..."}
{"level":"info","pid":3689,"time":"2019-09-08T23:25:49+08:00","message":"app booted."}
{"level":"info","config":{"debug":true,"mysql":"root:123456@tcp(localhost:3306)/cloud?charset=utf8mb4\u0026parseTime=true","conf_path":"."},"time":"2019-09-08T23:25:49+08:00","message":"loaded config."}
{"level":"info","time":"2019-09-08T23:25:49+08:00","message":"start load db..."}
{"level":"info","time":"2019-09-08T23:25:49+08:00","message":"loaded db."}
{"level":"info","time":"2019-09-08T23:25:49+08:00","message":"migrate db..."}
{"level":"info","time":"2019-09-08T23:25:49+08:00","message":"applied migrations..."}
{"level":"info","time":"2019-09-08T23:25:49+08:00","message":"start server..."}
{"level":"info","pid":3827,"time":"2019-09-08T23:26:07+08:00","message":"app booted."}
{"level":"info","config":{"debug":true,"mysql":"root:123456@tcp(localhost:3306)/cloud?charset=utf8mb4\u0026parseTime=true","conf_path":"."},"time":"2019-09-08T23:26:07+08:00","message":"loaded config."}
{"level":"info","time":"2019-09-08T23:26:07+08:00","message":"start load db..."}
{"level":"info","time":"2019-09-08T23:26:07+08:00","message":"loaded db."}
{"level":"info","time":"2019-09-08T23:26:07+08:00","message":"migrate db..."}
{"level":"info","time":"2019-09-08T23:26:07+08:00","message":"applied migrations..."}
{"level":"info","time":"2019-09-08T23:26:07+08:00","message":"start server..."}
{"level":"info","pid":3976,"time":"2019-09-08T23:27:15+08:00","message":"app booted."}
{"level":"info","config":{"debug":true,"mysql":"root:123456@tcp(localhost:3306)/cloud?charset=utf8mb4\u0026parseTime=true","conf_path":"."},"time":"2019-09-08T23:27:15+08:00","message":"loaded config."}
{"level":"info","time":"2019-09-08T23:27:15+08:00","message":"start load db..."}
{"level":"info","time":"2019-09-08T23:27:15+08:00","message":"loaded db."}
{"level":"info","time":"2019-09-08T23:27:15+08:00","message":"migrate db..."}
{"level":"info","time":"2019-09-08T23:27:15+08:00","message":"applied migrations..."}
{"level":"info","time":"2019-09-08T23:27:15+08:00","message":"start server..."}
{"level":"info","pid":4152,"time":"2019-09-08T23:29:15+08:00","message":"app booted."}
{"level":"info","config":{"debug":true,"mysql":"root:123456@tcp(localhost:3306)/cloud?charset=utf8mb4\u0026parseTime=true","conf_path":"."},"time":"2019-09-08T23:29:15+08:00","message":"loaded config."}
{"level":"info","time":"2019-09-08T23:29:15+08:00","message":"start load db..."}
{"level":"info","time":"2019-09-08T23:29:15+08:00","message":"loaded db."}
{"level":"info","time":"2019-09-08T23:29:15+08:00","message":"migrate db..."}
{"level":"info","time":"2019-09-08T23:29:15+08:00","message":"applied migrations..."}
{"level":"info","time":"2019-09-08T23:29:15+08:00","message":"start server..."}
{"level":"info","time":"2019-09-08T23:29:15+08:00","message":"-------------------start hot men-------------------"}
{"level":"info","time":"2019-09-08T23:29:16+08:00","message":"-------------------start hot women-------------------"}
{"level":"info","time":"2019-09-08T23:29:17+08:00","message":"-------------------start men-------------------"}
{"level":"info","time":"2019-09-08T23:29:18+08:00","message":"**********get 300...."}
{"level":"info","time":"2019-09-08T23:29:20+08:00","message":"**********get 400...."}
{"level":"info","time":"2019-09-08T23:29:21+08:00","message":"**********get 500...."}
{"level":"info","time":"2019-09-08T23:29:23+08:00","message":"**********get 600...."}
{"level":"info","time":"2019-09-08T23:29:25+08:00","message":"**********get 680...."}
{"level":"info","time":"2019-09-08T23:29:26+08:00","message":"**********get 780...."}
{"level":"info","time":"2019-09-08T23:29:29+08:00","message":"**********get 880...."}
{"level":"info","time":"2019-09-08T23:29:30+08:00","message":"**********get 980...."}
{"level":"info","time":"2019-09-08T23:29:32+08:00","message":"**********get 1011...."}
{"level":"info","time":"2019-09-08T23:29:34+08:00","message":"**********get 1111...."}
{"level":"info","time":"2019-09-08T23:29:36+08:00","message":"**********get 1211...."}
{"level":"info","time":"2019-09-08T23:29:37+08:00","message":"**********get 1311...."}
{"level":"info","time":"2019-09-08T23:29:39+08:00","message":"**********get 1411...."}
{"level":"info","time":"2019-09-08T23:29:41+08:00","message":"**********get 1511...."}
{"level":"info","time":"2019-09-08T23:29:43+08:00","message":"**********get 1576...."}
{"level":"info","time":"2019-09-08T23:29:44+08:00","message":"**********get 1676...."}
{"level":"info","time":"2019-09-08T23:29:46+08:00","message":"**********get 1776...."}
{"level":"info","time":"2019-09-08T23:29:48+08:00","message":"**********get 1876...."}
{"level":"info","time":"2019-09-08T23:29:49+08:00","message":"**********get 1976...."}
{"level":"info","time":"2019-09-08T23:29:51+08:00","message":"**********get 2076...."}
{"level":"info","time":"2019-09-08T23:29:52+08:00","message":"**********get 2087...."}
{"level":"info","time":"2019-09-08T23:29:53+08:00","message":"**********get 2128...."}
{"level":"info","time":"2019-09-08T23:29:55+08:00","message":"**********get 2228...."}
{"level":"info","time":"2019-09-08T23:29:57+08:00","message":"**********get 2328...."}
{"level":"info","time":"2019-09-08T23:29:58+08:00","message":"**********get 2428...."}
{"level":"info","time":"2019-09-08T23:30:00+08:00","message":"**********get 2528...."}
{"level":"info","time":"2019-09-08T23:30:05+08:00","message":"-------------------start women-------------------"}
{"level":"info","time":"2019-09-08T23:30:06+08:00","message":"**********get 2628...."}
{"level":"info","time":"2019-09-08T23:30:08+08:00","message":"**********get 2728...."}
{"level":"info","time":"2019-09-08T23:30:09+08:00","message":"**********get 2828...."}
{"level":"info","time":"2019-09-08T23:30:11+08:00","message":"**********get 2928...."}
{"level":"info","time":"2019-09-08T23:30:13+08:00","message":"**********get 2948...."}
{"level":"info","time":"2019-09-08T23:30:14+08:00","message":"**********get 3048...."}
{"level":"info","time":"2019-09-08T23:30:16+08:00","message":"**********get 3148...."}
{"level":"info","time":"2019-09-08T23:30:18+08:00","message":"**********get 3248...."}
{"level":"info","time":"2019-09-08T23:30:19+08:00","message":"**********get 3254...."}
{"level":"info","time":"2019-09-08T23:30:21+08:00","message":"**********get 3354...."}
{"level":"info","time":"2019-09-08T23:30:22+08:00","message":"**********get 3446...."}
{"level":"info","time":"2019-09-08T23:30:24+08:00","message":"**********get 3546...."}
{"level":"info","time":"2019-09-08T23:30:25+08:00","message":"**********get 3646...."}
{"level":"info","time":"2019-09-08T23:30:26+08:00","message":"**********get 3746...."}
{"level":"info","time":"2019-09-08T23:30:28+08:00","message":"**********get 3773...."}
{"level":"info","time":"2019-09-08T23:30:30+08:00","message":"**********get 3873...."}
{"level":"info","time":"2019-09-08T23:30:31+08:00","message":"**********get 3973...."}
{"level":"info","time":"2019-09-08T23:30:33+08:00","message":"**********get 4071...."}
{"level":"info","time":"2019-09-08T23:30:35+08:00","message":"**********get 4171...."}
{"level":"info","time":"2019-09-08T23:30:37+08:00","message":"**********get 4271...."}
{"level":"info","time":"2019-09-08T23:30:38+08:00","message":"**********get 4275...."}
{"level":"info","time":"2019-09-08T23:30:40+08:00","message":"**********get 4290...."}
{"level":"info","time":"2019-09-08T23:30:42+08:00","message":"**********get 4390...."}
{"level":"info","time":"2019-09-08T23:30:43+08:00","message":"**********get 4490...."}
{"level":"info","time":"2019-09-08T23:30:45+08:00","message":"**********get 4590...."}
{"level":"info","time":"2019-09-08T23:30:46+08:00","message":"**********get 4690...."}
{"level":"info","time":"2019-09-08T23:30:46+08:00","message":"-------------------start save-------------------"}
